<?xml version="1.0" encoding="UTF-8"?><testsuite errors="0" failures="1" name="Academy choucair" skipped="0" tests="1" time="26.19" timestamp="2022-03-12 03:57:53"><testcase name="search for a automation course"><failure message="Expected enabled element was not enabled" type="net.thucydides.core.webdriver.exceptions.ElementShouldBeEnabledException">Expected enabled element was not enabled</failure><system-err>Expected enabled element was not enabled&#13;
co.com.choucair.certification.proyectobase.tasks.Login.performAs(Login.java:19)&#13;
co.com.choucair.certification.proyectobase.stepdefinitions.ChoucairAcademyStepDefinitions.thanBrandonWantsToLearnAutomationAtTheChoucairAcademy(ChoucairAcademyStepDefinitions.java:22)&#13;
cucumber.runner.Runner.runPickle(Runner.java:80)&#13;
</system-err></testcase></testsuite>